-- Found ament_cmake: 2.5.4 (/opt/ros/jazzy/share/ament_cmake/cmake)
-- Found ament_lint_auto: 0.17.3 (/opt/ros/jazzy/share/ament_lint_auto/cmake)
-- Found rclcpp: 28.1.13 (/opt/ros/jazzy/share/rclcpp/cmake)
-- Found rosidl_generator_c: 4.6.6 (/opt/ros/jazzy/share/rosidl_generator_c/cmake)
-- Found rosidl_generator_cpp: 4.6.6 (/opt/ros/jazzy/share/rosidl_generator_cpp/cmake)
-- Using all available rosidl_typesupport_c: rosidl_typesupport_fastrtps_c;rosidl_typesupport_introspection_c
-- Using all available rosidl_typesupport_cpp: rosidl_typesupport_fastrtps_cpp;rosidl_typesupport_introspection_cpp
-- Found rmw_implementation_cmake: 7.3.2 (/opt/ros/jazzy/share/rmw_implementation_cmake/cmake)
-- Found rmw_fastrtps_cpp: 8.4.3 (/opt/ros/jazzy/share/rmw_fastrtps_cpp/cmake)
-- Using RMW implementation 'rmw_fastrtps_cpp' as default
-- Found std_msgs: 5.3.6 (/opt/ros/jazzy/share/std_msgs/cmake)
-- Added test 'cppcheck' to perform static code analysis on C / C++ code
-- Configured cppcheck include dirs: 
-- Configured cppcheck exclude dirs and/or files: 
-- Added test 'lint_cmake' to check CMake code style
-- Added test 'uncrustify' to check C / C++ code style
-- Configured uncrustify additional arguments: 
-- Added test 'xmllint' to check XML markup files
-- Configuring done (0.4s)
-- Generating done (0.0s)
-- Build files have been written to: /home/hein/dev/ros-test/build/custom_subscriber
[ 50%] [32mBuilding CXX object CMakeFiles/custom_subscriber_node.dir/src/subscriber.cpp.o[0m
[01m[K/home/hein/dev/ros-test/packages/custom_subscriber/src/subscriber.cpp:[m[K In function â€˜[01m[Kint[01;32m[K main[m[K(int, char**)[m[Kâ€™:
[01m[K/home/hein/dev/ros-test/packages/custom_subscriber/src/subscriber.cpp:18:160:[m[K [01;31m[Kerror: [m[Kâ€˜[01m[Kref[m[Kâ€™ does not name a type
   18 | tring_subscription::SharedPtr subscription = node->create_subscription<std_msgs::msg::String>(std::string("custom_topic"), subscription_qos, [](const [01;31m[Kref[m[K<std_msgs::msg::String> &msg) {
      |                                                                                                                                                       [01;31m[K^~~[m[K

[01m[K/home/hein/dev/ros-test/packages/custom_subscriber/src/subscriber.cpp:[m[K In lambda function:
[01m[K/home/hein/dev/ros-test/packages/custom_subscriber/src/subscriber.cpp:20:11:[m[K [01;31m[Kerror: [m[Kexpected â€˜[01m[K{[m[Kâ€™ before â€˜[01m[K;[m[Kâ€™ token
   20 |         })[01;31m[K;[m[K
      |           [01;31m[K^[m[K
[01m[K/home/hein/dev/ros-test/packages/custom_subscriber/src/subscriber.cpp:[m[K In function â€˜[01m[Kint[01;32m[K main[m[K(int, char**)[m[Kâ€™:
[01m[K/home/hein/dev/ros-test/packages/custom_subscriber/src/subscriber.cpp:20:11:[m[K [01;31m[Kerror: [m[Kexpected â€˜[01m[K)[m[Kâ€™ before â€˜[01m[K;[m[Kâ€™ token
   20 |         })[01;31m[K;[m[K
      |           [01;31m[K^[m[K
      |           [32m[K)[m[K
[01m[K/home/hein/dev/ros-test/packages/custom_subscriber/src/subscriber.cpp:18:103:[m[K [01;36m[Knote: [m[Kto match this â€˜[01m[K([m[Kâ€™
   18 |         string_subscription::SharedPtr subscription = node->create_subscription<std_msgs::msg::String>[01;36m[K([m[Kstd::string("custom_topic"), subscription_qos, [](const ref<std_msgs::msg::String> &msg) {
      |                                                                                                       [01;36m[K^[m[K
gmake[2]: *** [CMakeFiles/custom_subscriber_node.dir/build.make:76: CMakeFiles/custom_subscriber_node.dir/src/subscriber.cpp.o] Error 1
gmake[1]: *** [CMakeFiles/Makefile2:137: CMakeFiles/custom_subscriber_node.dir/all] Error 2
gmake: *** [Makefile:146: all] Error 2
