[0.011s] Invoking command in '/home/hein/dev/ros-test/build/custom_subscriber': CMAKE_PREFIX_PATH=${CMAKE_PREFIX_PATH}:/opt/ros/jazzy DEBUGINFOD_URLS=https://debuginfod.ubuntu.com /usr/bin/cmake --build /home/hein/dev/ros-test/build/custom_subscriber -- -j16 -l16
[0.033s] -- Found ament_cmake: 2.5.4 (/opt/ros/jazzy/share/ament_cmake/cmake)
[0.201s] -- Found ament_lint_auto: 0.17.3 (/opt/ros/jazzy/share/ament_lint_auto/cmake)
[0.259s] -- Found rclcpp: 28.1.13 (/opt/ros/jazzy/share/rclcpp/cmake)
[0.274s] -- Found rosidl_generator_c: 4.6.6 (/opt/ros/jazzy/share/rosidl_generator_c/cmake)
[0.279s] -- Found rosidl_generator_cpp: 4.6.6 (/opt/ros/jazzy/share/rosidl_generator_cpp/cmake)
[0.286s] -- Using all available rosidl_typesupport_c: rosidl_typesupport_fastrtps_c;rosidl_typesupport_introspection_c
[0.293s] -- Using all available rosidl_typesupport_cpp: rosidl_typesupport_fastrtps_cpp;rosidl_typesupport_introspection_cpp
[0.333s] -- Found rmw_implementation_cmake: 7.3.2 (/opt/ros/jazzy/share/rmw_implementation_cmake/cmake)
[0.333s] -- Found rmw_fastrtps_cpp: 8.4.3 (/opt/ros/jazzy/share/rmw_fastrtps_cpp/cmake)
[0.376s] -- Using RMW implementation 'rmw_fastrtps_cpp' as default
[0.417s] -- Found std_msgs: 5.3.6 (/opt/ros/jazzy/share/std_msgs/cmake)
[0.427s] -- Added test 'cppcheck' to perform static code analysis on C / C++ code
[0.427s] -- Configured cppcheck include dirs: 
[0.427s] -- Configured cppcheck exclude dirs and/or files: 
[0.428s] -- Added test 'lint_cmake' to check CMake code style
[0.428s] -- Added test 'uncrustify' to check C / C++ code style
[0.428s] -- Configured uncrustify additional arguments: 
[0.428s] -- Added test 'xmllint' to check XML markup files
[0.429s] -- Configuring done (0.4s)
[0.434s] -- Generating done (0.0s)
[0.436s] -- Build files have been written to: /home/hein/dev/ros-test/build/custom_subscriber
[0.462s] [ 50%] [32mBuilding CXX object CMakeFiles/custom_subscriber_node.dir/src/subscriber.cpp.o[0m
[1.664s] [01m[K/home/hein/dev/ros-test/packages/custom_subscriber/src/subscriber.cpp:[m[K In function â€˜[01m[Kint[01;32m[K main[m[K(int, char**)[m[Kâ€™:
[1.664s] [01m[K/home/hein/dev/ros-test/packages/custom_subscriber/src/subscriber.cpp:18:160:[m[K [01;31m[Kerror: [m[Kâ€˜[01m[Kref[m[Kâ€™ does not name a type
[1.664s]    18 | tring_subscription::SharedPtr subscription = node->create_subscription<std_msgs::msg::String>(std::string("custom_topic"), subscription_qos, [](const [01;31m[Kref[m[K<std_msgs::msg::String> &msg) {
[1.664s]       |                                                                                                                                                       [01;31m[K^~~[m[K
[1.664s] 
[1.664s] [01m[K/home/hein/dev/ros-test/packages/custom_subscriber/src/subscriber.cpp:[m[K In lambda function:
[1.664s] [01m[K/home/hein/dev/ros-test/packages/custom_subscriber/src/subscriber.cpp:20:11:[m[K [01;31m[Kerror: [m[Kexpected â€˜[01m[K{[m[Kâ€™ before â€˜[01m[K;[m[Kâ€™ token
[1.664s]    20 |         })[01;31m[K;[m[K
[1.665s]       |           [01;31m[K^[m[K
[1.665s] [01m[K/home/hein/dev/ros-test/packages/custom_subscriber/src/subscriber.cpp:[m[K In function â€˜[01m[Kint[01;32m[K main[m[K(int, char**)[m[Kâ€™:
[1.665s] [01m[K/home/hein/dev/ros-test/packages/custom_subscriber/src/subscriber.cpp:20:11:[m[K [01;31m[Kerror: [m[Kexpected â€˜[01m[K)[m[Kâ€™ before â€˜[01m[K;[m[Kâ€™ token
[1.665s]    20 |         })[01;31m[K;[m[K
[1.665s]       |           [01;31m[K^[m[K
[1.665s]       |           [32m[K)[m[K
[1.665s] [01m[K/home/hein/dev/ros-test/packages/custom_subscriber/src/subscriber.cpp:18:103:[m[K [01;36m[Knote: [m[Kto match this â€˜[01m[K([m[Kâ€™
[1.665s]    18 |         string_subscription::SharedPtr subscription = node->create_subscription<std_msgs::msg::String>[01;36m[K([m[Kstd::string("custom_topic"), subscription_qos, [](const ref<std_msgs::msg::String> &msg) {
[1.665s]       |                                                                                                       [01;36m[K^[m[K
[2.018s] gmake[2]: *** [CMakeFiles/custom_subscriber_node.dir/build.make:76: CMakeFiles/custom_subscriber_node.dir/src/subscriber.cpp.o] Error 1
[2.018s] gmake[1]: *** [CMakeFiles/Makefile2:137: CMakeFiles/custom_subscriber_node.dir/all] Error 2
[2.018s] gmake: *** [Makefile:146: all] Error 2
[2.020s] Invoked command in '/home/hein/dev/ros-test/build/custom_subscriber' returned '2': CMAKE_PREFIX_PATH=${CMAKE_PREFIX_PATH}:/opt/ros/jazzy DEBUGINFOD_URLS=https://debuginfod.ubuntu.com /usr/bin/cmake --build /home/hein/dev/ros-test/build/custom_subscriber -- -j16 -l16
