[01m[K/home/hein/dev/ros-test/test-package/src/test-package-node.cpp:1:10:[m[K [01;31m[Kfatal error: [m[Krclcpp/node.hpp: No such file or directory
    1 | #include [01;31m[K<rclcpp/node.hpp>[m[K
      |          [01;31m[K^~~~~~~~~~~~~~~~~[m[K
compilation terminated.
gmake[2]: *** [CMakeFiles/test-package-node.dir/build.make:76: CMakeFiles/test-package-node.dir/src/test-package-node.cpp.o] Error 1
gmake[1]: *** [CMakeFiles/Makefile2:137: CMakeFiles/test-package-node.dir/all] Error 2
gmake: *** [Makefile:146: all] Error 2
