[ 50%] [32mBuilding CXX object CMakeFiles/custom_publisher_node.dir/src/publisher.cpp.o[0m
[01m[K/home/hein/dev/ros-test/packages/custom_publisher/src/publisher.cpp:1:10:[m[K [01;31m[Kfatal error: [m[Krclcpp/node.hpp: No such file or directory
    1 | #include [01;31m[K<rclcpp/node.hpp>[m[K
      |          [01;31m[K^~~~~~~~~~~~~~~~~[m[K
compilation terminated.
gmake[2]: *** [CMakeFiles/custom_publisher_node.dir/build.make:76: CMakeFiles/custom_publisher_node.dir/src/publisher.cpp.o] Error 1
gmake[1]: *** [CMakeFiles/Makefile2:137: CMakeFiles/custom_publisher_node.dir/all] Error 2
gmake: *** [Makefile:146: all] Error 2
