[0.008s] Invoking command in '/home/hein/dev/ros-test/build/custom_subscriber': CMAKE_PREFIX_PATH=${CMAKE_PREFIX_PATH}:/opt/ros/jazzy DEBUGINFOD_URLS=https://debuginfod.ubuntu.com /usr/bin/cmake --build /home/hein/dev/ros-test/build/custom_subscriber -- -j16 -l16
[0.029s] -- Found ament_cmake: 2.5.4 (/opt/ros/jazzy/share/ament_cmake/cmake)
[0.204s] -- Found ament_lint_auto: 0.17.3 (/opt/ros/jazzy/share/ament_lint_auto/cmake)
[0.278s] -- Found rclcpp: 28.1.13 (/opt/ros/jazzy/share/rclcpp/cmake)
[0.300s] -- Found rosidl_generator_c: 4.6.6 (/opt/ros/jazzy/share/rosidl_generator_c/cmake)
[0.306s] -- Found rosidl_generator_cpp: 4.6.6 (/opt/ros/jazzy/share/rosidl_generator_cpp/cmake)
[0.315s] -- Using all available rosidl_typesupport_c: rosidl_typesupport_fastrtps_c;rosidl_typesupport_introspection_c
[0.325s] -- Using all available rosidl_typesupport_cpp: rosidl_typesupport_fastrtps_cpp;rosidl_typesupport_introspection_cpp
[0.372s] -- Found rmw_implementation_cmake: 7.3.2 (/opt/ros/jazzy/share/rmw_implementation_cmake/cmake)
[0.372s] -- Found rmw_fastrtps_cpp: 8.4.3 (/opt/ros/jazzy/share/rmw_fastrtps_cpp/cmake)
[0.429s] -- Using RMW implementation 'rmw_fastrtps_cpp' as default
[0.478s] -- Found std_msgs: 5.3.6 (/opt/ros/jazzy/share/std_msgs/cmake)
[0.490s] -- Added test 'cppcheck' to perform static code analysis on C / C++ code
[0.490s] -- Configured cppcheck include dirs: /home/hein/dev/ros-test/packages/custom_subscriber/src
[0.490s] -- Configured cppcheck exclude dirs and/or files: 
[0.490s] -- Added test 'lint_cmake' to check CMake code style
[0.491s] -- Added test 'uncrustify' to check C / C++ code style
[0.491s] -- Configured uncrustify additional arguments: 
[0.491s] -- Added test 'xmllint' to check XML markup files
[0.491s] -- Configuring done (0.5s)
[0.496s] -- Generating done (0.0s)
[0.498s] -- Build files have been written to: /home/hein/dev/ros-test/build/custom_subscriber
[0.531s] [ 50%] [32mBuilding CXX object CMakeFiles/custom_subscriber_node.dir/src/subscriber.cpp.o[0m
[0.539s] [01m[K/home/hein/dev/ros-test/packages/custom_subscriber/src/subscriber.cpp:1:10:[m[K [01;31m[Kfatal error: [m[Krclcpp/node.hpp: No such file or directory
[0.539s]     1 | #include [01;31m[K<rclcpp/node.hpp>[m[K
[0.539s]       |          [01;31m[K^~~~~~~~~~~~~~~~~[m[K
[0.539s] compilation terminated.
[0.539s] gmake[2]: *** [CMakeFiles/custom_subscriber_node.dir/build.make:76: CMakeFiles/custom_subscriber_node.dir/src/subscriber.cpp.o] Error 1
[0.539s] gmake[1]: *** [CMakeFiles/Makefile2:137: CMakeFiles/custom_subscriber_node.dir/all] Error 2
[0.539s] gmake: *** [Makefile:146: all] Error 2
[0.541s] Invoked command in '/home/hein/dev/ros-test/build/custom_subscriber' returned '2': CMAKE_PREFIX_PATH=${CMAKE_PREFIX_PATH}:/opt/ros/jazzy DEBUGINFOD_URLS=https://debuginfod.ubuntu.com /usr/bin/cmake --build /home/hein/dev/ros-test/build/custom_subscriber -- -j16 -l16
