[0.013s] Invoking command in '/home/hein/dev/ros-test/build/custom_publisher': CMAKE_PREFIX_PATH=${CMAKE_PREFIX_PATH}:/opt/ros/jazzy DEBUGINFOD_URLS=https://debuginfod.ubuntu.com /usr/bin/cmake --build /home/hein/dev/ros-test/build/custom_publisher -- -j16 -l16
[0.032s] -- Found ament_cmake: 2.5.4 (/opt/ros/jazzy/share/ament_cmake/cmake)
[0.175s] -- Found ament_lint_auto: 0.17.3 (/opt/ros/jazzy/share/ament_lint_auto/cmake)
[0.237s] -- Added test 'cppcheck' to perform static code analysis on C / C++ code
[0.238s] -- Configured cppcheck include dirs: /home/hein/dev/ros-test/packages/custom_publisher/src
[0.238s] -- Configured cppcheck exclude dirs and/or files: 
[0.238s] -- Added test 'lint_cmake' to check CMake code style
[0.238s] -- Added test 'uncrustify' to check C / C++ code style
[0.238s] -- Configured uncrustify additional arguments: 
[0.238s] -- Added test 'xmllint' to check XML markup files
[0.239s] -- Configuring done (0.2s)
[0.241s] -- Generating done (0.0s)
[0.242s] -- Build files have been written to: /home/hein/dev/ros-test/build/custom_publisher
[0.263s] [ 50%] [32mBuilding CXX object CMakeFiles/custom_publisher_node.dir/src/publisher.cpp.o[0m
[0.269s] [01m[K/home/hein/dev/ros-test/packages/custom_publisher/src/publisher.cpp:1:10:[m[K [01;31m[Kfatal error: [m[Krclcpp/node.hpp: No such file or directory
[0.269s]     1 | #include [01;31m[K<rclcpp/node.hpp>[m[K
[0.269s]       |          [01;31m[K^~~~~~~~~~~~~~~~~[m[K
[0.269s] compilation terminated.
[0.270s] gmake[2]: *** [CMakeFiles/custom_publisher_node.dir/build.make:76: CMakeFiles/custom_publisher_node.dir/src/publisher.cpp.o] Error 1
[0.270s] gmake[1]: *** [CMakeFiles/Makefile2:137: CMakeFiles/custom_publisher_node.dir/all] Error 2
[0.270s] gmake: *** [Makefile:146: all] Error 2
